<?xml version="1.0" encoding="UTF-8"?>
<!-- Generated by org.testng.reporters.JUnitXMLReporter -->
<testsuite hostname="NODE167" name="Command line test" tests="2" failures="0" timestamp="6 Sep 2016 17:28:22 GMT" time="0.048" errors="0">
  <testcase name="@BeforeClass startup" time="0.0" classname="com.gspann.RodanTest">
    <failure type="org.testng.TestNGException" message="
Parameter &amp;apos;browser&amp;apos; is required by @Configuration on method startup but has not been marked @Optional or defined
">
      <![CDATA[org.testng.TestNGException: 
Parameter 'browser' is required by @Configuration on method startup but has not been marked @Optional or defined

... Removed 30 stack frames]]>
    </failure>
  </testcase> <!-- @BeforeClass startup -->
  <testcase name="Homepage" time="0.021" classname="com.gspann.RodanTest">
    <skipped/>
  </testcase> <!-- Homepage -->
  <testcase name="consultant" time="0.0" classname="com.gspann.RodanTest">
    <skipped/>
  </testcase> <!-- consultant -->
</testsuite> <!-- Command line test -->
